<?xml version="1.0" encoding="UTF-8"?>
<!-- Generated by org.testng.reporters.JUnitXMLReporter -->
<testsuite ignored="0" hostname="LAPTOP-5K836TPI" failures="0" tests="16" name="Test" time="10.103" errors="0" timestamp="2023-04-20T18:52:38 ICT">
  <testcase classname="com.api.auto.testcase.TC01_TaoBoard" name="Verify_NameBoard" time="0.663"/>
  <testcase classname="com.api.auto.testcase.TC01_TaoBoard" name="Verify_Status_Code" time="0.001"/>
  <testcase classname="com.api.auto.testcase.TC01_TaoBoard" name="idBoard_existed" time="0.084"/>
  <testcase classname="com.api.auto.testcase.TC02_TaoList" name="Verify_NameList" time="0.031"/>
  <testcase classname="com.api.auto.testcase.TC02_TaoList" name="Verify_Status_Code" time="0.002"/>
  <testcase classname="com.api.auto.testcase.TC02_TaoList" name="idList_existed" time="0.029"/>
  <testcase classname="com.api.auto.testcase.TC03_TaoCard" name="Verify_NameCard" time="0.04"/>
  <testcase classname="com.api.auto.testcase.TC03_TaoCard" name="Verify_Status_Code" time="0.002"/>
  <testcase classname="com.api.auto.testcase.TC04_UpdateCard" name="Verify_NameCard" time="0.031"/>
  <testcase classname="com.api.auto.testcase.TC04_UpdateCard" name="Verify_Status_Code" time="0.003"/>
  <testcase classname="com.api.auto.testcase.TC05_GetListBoard" name="Verify_Status_Code" time="0.003"/>
  <testcase classname="com.api.auto.testcase.TC05_GetListBoard" name="idFirstBoard" time="0.078"/>
  <testcase classname="com.api.auto.testcase.TC06_DeleteBoard" name="Verify_Status_Code" time="0.002"/>
  <testcase classname="com.api.auto.testcase.TC06_DeleteBoard" name="idFirstBoard_deleted" time="0.003"/>
  <testcase classname="com.api.auto.testcase.TC07_GetListBoard" name="Verify_Status_Code" time="0.003"/>
  <testcase classname="com.api.auto.testcase.TC07_GetListBoard" name="idFirstBoard" time="0.007"/>
</testsuite> <!-- Test -->
